<?xml version="1.0" encoding="UTF-8"?>
<robot generator="Robot 7.0.1 (Python 3.12.2 on win32)" generated="2024-10-09T13:11:27.068563" rpa="false" schemaversion="5">
<suite id="s1" name="Tc" source="C:\Users\User\Desktop\doppio\Mobile_Stucture\testcases\tc.robot">
<test id="s1-t1" name="Add product and check item in cart" line="5">
<kw name="Open test application" owner="common">
<kw name="Open Application" owner="AppiumLibrary">
<arg>remote_url=http://localhost:4723/wd/hub</arg>
<arg>deviceName=TestDevice</arg>
<arg>platformVersion=11.0</arg>
<arg>platformName=Android</arg>
<arg>appPackage=com.saucelabs.mydemoapp.android</arg>
<arg>appActivity=com.saucelabs.mydemoapp.android.view.activities.SplashActivity</arg>
<doc>Opens a new application to given Appium server.
Capabilities of appium server, Android and iOS,
Please check https://appium.io/docs/en/2.1/cli/args/
| *Option*            | *Man.* | *Description*     |
| remote_url          | Yes    | Appium server url |
| alias               | no     | alias             |
| strict_ssl          | No     | allows you to send commands to an invalid certificate host like a self-signed one. |</doc>
<status status="PASS" start="2024-10-09T13:11:27.454919" elapsed="9.682186"/>
</kw>
<status status="PASS" start="2024-10-09T13:11:27.453920" elapsed="9.683185"/>
</kw>
<kw name="Tap on product" owner="home_page">
<kw name="Wait and tap when visible" owner="common">
<kw name="Wait Until Page Contains Element" owner="AppiumLibrary">
<msg time="2024-10-09T13:11:38.758965" level="INFO">xpath criteria: (//android.widget.ImageView[@content-desc="Product Image"])[1]</msg>
<arg>${locator}</arg>
<arg>${device_setup.wait_time}</arg>
<doc>Waits until element specified with `locator` appears on current page.</doc>
<status status="PASS" start="2024-10-09T13:11:37.139124" elapsed="1.620831"/>
</kw>
<kw name="Tap" owner="AppiumLibrary">
<msg time="2024-10-09T13:11:38.759955" level="WARN">Keyword 'AppiumLibrary.Tap' is deprecated. Since selenium v4, use `Tap With Positions` keyword.</msg>
<msg time="2024-10-09T13:11:39.294316" level="INFO">xpath criteria: (//android.widget.ImageView[@content-desc="Product Image"])[1]</msg>
<arg>${locator}</arg>
<doc>*DEPRECATED!!* Since selenium v4, use `Tap With Positions` keyword.</doc>
<status status="PASS" start="2024-10-09T13:11:38.759955" elapsed="0.535358"/>
</kw>
<arg>${home_locator.product}</arg>
<status status="PASS" start="2024-10-09T13:11:37.138104" elapsed="2.157209"/>
</kw>
<status status="PASS" start="2024-10-09T13:11:37.138104" elapsed="2.157209"/>
</kw>
<kw name="Tap add to cart button" owner="cart_page">
<kw name="Wait and tap when visible" owner="common">
<kw name="Wait Until Page Contains Element" owner="AppiumLibrary">
<msg time="2024-10-09T13:11:40.249303" level="INFO">criteria is com.saucelabs.mydemoapp.android:id/cartBt
criteria is com.saucelabs.mydemoapp.android:id/cartBt</msg>
<arg>${locator}</arg>
<arg>${device_setup.wait_time}</arg>
<doc>Waits until element specified with `locator` appears on current page.</doc>
<status status="PASS" start="2024-10-09T13:11:39.296313" elapsed="0.952990"/>
</kw>
<kw name="Tap" owner="AppiumLibrary">
<msg time="2024-10-09T13:11:40.250332" level="WARN">Keyword 'AppiumLibrary.Tap' is deprecated. Since selenium v4, use `Tap With Positions` keyword.</msg>
<msg time="2024-10-09T13:11:40.463259" level="INFO">criteria is com.saucelabs.mydemoapp.android:id/cartBt</msg>
<arg>${locator}</arg>
<doc>*DEPRECATED!!* Since selenium v4, use `Tap With Positions` keyword.</doc>
<status status="PASS" start="2024-10-09T13:11:40.250332" elapsed="0.212927"/>
</kw>
<arg>${cart_locator.add_to_cart_btn}</arg>
<status status="PASS" start="2024-10-09T13:11:39.296313" elapsed="1.166946"/>
</kw>
<status status="PASS" start="2024-10-09T13:11:39.295313" elapsed="1.167946"/>
</kw>
<kw name="Open cart and check items" owner="cart_feature">
<kw name="Tap to open cart" owner="cart_page">
<kw name="Wait and tap when visible" owner="common">
<kw name="Wait Until Page Contains Element" owner="AppiumLibrary">
<msg time="2024-10-09T13:11:41.083731" level="INFO">criteria is com.saucelabs.mydemoapp.android:id/cartIV</msg>
<arg>${locator}</arg>
<arg>${device_setup.wait_time}</arg>
<doc>Waits until element specified with `locator` appears on current page.</doc>
<status status="PASS" start="2024-10-09T13:11:40.465259" elapsed="0.618472"/>
</kw>
<kw name="Tap" owner="AppiumLibrary">
<msg time="2024-10-09T13:11:41.084727" level="WARN">Keyword 'AppiumLibrary.Tap' is deprecated. Since selenium v4, use `Tap With Positions` keyword.</msg>
<msg time="2024-10-09T13:11:41.379786" level="INFO">criteria is com.saucelabs.mydemoapp.android:id/cartIV</msg>
<arg>${locator}</arg>
<doc>*DEPRECATED!!* Since selenium v4, use `Tap With Positions` keyword.</doc>
<status status="PASS" start="2024-10-09T13:11:41.083731" elapsed="0.296055"/>
</kw>
<arg>${cart_locator.cart_btn}</arg>
<status status="PASS" start="2024-10-09T13:11:40.465259" elapsed="0.914527"/>
</kw>
<status status="PASS" start="2024-10-09T13:11:40.464258" elapsed="0.915528"/>
</kw>
<kw name="Check items in cart" owner="cart_page">
<kw name="Wait Until Page Contains Element" owner="AppiumLibrary">
<msg time="2024-10-09T13:11:42.237994" level="INFO">xpath criteria: //android.widget.TextView[@resource-id="com.saucelabs.mydemoapp.android:id/noTV"]</msg>
<arg>${cart_locator.display_items_count}</arg>
<arg>${device_setup.wait_time}</arg>
<doc>Waits until element specified with `locator` appears on current page.</doc>
<status status="PASS" start="2024-10-09T13:11:41.380785" elapsed="0.857209"/>
</kw>
<kw name="Get Text" owner="AppiumLibrary">
<msg time="2024-10-09T13:11:42.320876" level="INFO">Element 'xpath=//android.widget.TextView[@resource-id="com.saucelabs.mydemoapp.android:id/noTV"]' text is '1' </msg>
<msg time="2024-10-09T13:11:42.320876" level="INFO">xpath criteria: //android.widget.TextView[@resource-id="com.saucelabs.mydemoapp.android:id/noTV"]</msg>
<msg time="2024-10-09T13:11:42.320876" level="INFO">${item_count} = 1</msg>
<var>${item_count}</var>
<arg>${cart_locator.display_items_count}</arg>
<doc>Get element text (for hybrid and mobile browser use `xpath` locator, others might cause problem)</doc>
<status status="PASS" start="2024-10-09T13:11:42.238500" elapsed="0.082376"/>
</kw>
<kw name="Log To Console" owner="BuiltIn">
<arg>Current item count is: ${item_count}</arg>
<doc>Logs the given message to the console.</doc>
<status status="PASS" start="2024-10-09T13:11:42.321877" elapsed="0.000000"/>
</kw>
<kw name="Should Be Equal As Numbers" owner="BuiltIn">
<msg time="2024-10-09T13:11:42.322877" level="INFO">Argument types are:
&lt;class 'str'&gt;
&lt;class 'int'&gt;</msg>
<arg>${item_count}</arg>
<arg>${device_setup.item_count_checker}</arg>
<doc>Fails if objects are unequal after converting them to real numbers.</doc>
<status status="PASS" start="2024-10-09T13:11:42.321877" elapsed="0.001000"/>
</kw>
<status status="PASS" start="2024-10-09T13:11:41.380785" elapsed="0.942092"/>
</kw>
<status status="PASS" start="2024-10-09T13:11:40.464258" elapsed="1.858619"/>
</kw>
<status status="PASS" start="2024-10-09T13:11:27.452920" elapsed="14.869957"/>
</test>
<status status="PASS" start="2024-10-09T13:11:27.072564" elapsed="15.251312"/>
</suite>
<statistics>
<total>
<stat pass="1" fail="0" skip="0">All Tests</stat>
</total>
<tag>
</tag>
<suite>
<stat pass="1" fail="0" skip="0" id="s1" name="Tc">Tc</stat>
</suite>
</statistics>
<errors>
<msg time="2024-10-09T13:11:38.759955" level="WARN">Keyword 'AppiumLibrary.Tap' is deprecated. Since selenium v4, use `Tap With Positions` keyword.</msg>
<msg time="2024-10-09T13:11:40.250332" level="WARN">Keyword 'AppiumLibrary.Tap' is deprecated. Since selenium v4, use `Tap With Positions` keyword.</msg>
<msg time="2024-10-09T13:11:41.084727" level="WARN">Keyword 'AppiumLibrary.Tap' is deprecated. Since selenium v4, use `Tap With Positions` keyword.</msg>
</errors>
</robot>
