<?xml version="1.0" encoding="UTF-8"?>
<robot generator="Robot 7.0.1 (Python 3.12.2 on win32)" generated="2024-10-09T11:21:06.820315" rpa="false" schemaversion="5">
<suite id="s1" name="Tc" source="C:\Users\User\Desktop\doppio\Mobile_Stucture\testcases\tc.robot">
<test id="s1-t1" name="test01" line="6">
<kw name="Open test application">
<kw name="Open Application" owner="AppiumLibrary">
<arg>remote_url=http://localhost:4723/wd/hub</arg>
<arg>deviceName=TestDevice</arg>
<arg>platformVersion=11.0</arg>
<arg>platformName=Android</arg>
<arg>appPackage=com.saucelabs.mydemoapp.android</arg>
<arg>appActivity=com.saucelabs.mydemoapp.android.view.activities.SplashActivity</arg>
<doc>Opens a new application to given Appium server.
Capabilities of appium server, Android and iOS,
Please check https://appium.io/docs/en/2.1/cli/args/
| *Option*            | *Man.* | *Description*     |
| remote_url          | Yes    | Appium server url |
| alias               | no     | alias             |
| strict_ssl          | No     | allows you to send commands to an invalid certificate host like a self-signed one. |</doc>
<status status="PASS" start="2024-10-09T11:21:07.272902" elapsed="9.775722"/>
</kw>
<status status="PASS" start="2024-10-09T11:21:07.271902" elapsed="9.776722"/>
</kw>
<kw name="Tap on product">
<kw name="Wait Until Page Contains Element" owner="AppiumLibrary">
<msg time="2024-10-09T11:21:18.633463" level="INFO">xpath criteria: (//android.widget.ImageView[@content-desc="Product Image"])[1]
xpath criteria: (//android.widget.ImageView[@content-desc="Product Image"])[1]</msg>
<arg>xpath=(//android.widget.ImageView[@content-desc="Product Image"])[1]</arg>
<arg>10</arg>
<doc>Waits until element specified with `locator` appears on current page.</doc>
<status status="PASS" start="2024-10-09T11:21:17.049624" elapsed="1.583839"/>
</kw>
<kw name="Tap" owner="AppiumLibrary">
<msg time="2024-10-09T11:21:18.634477" level="WARN">Keyword 'AppiumLibrary.Tap' is deprecated. Since selenium v4, use `Tap With Positions` keyword.</msg>
<msg time="2024-10-09T11:21:19.282792" level="INFO">xpath criteria: (//android.widget.ImageView[@content-desc="Product Image"])[1]</msg>
<arg>xpath=(//android.widget.ImageView[@content-desc="Product Image"])[1]</arg>
<doc>*DEPRECATED!!* Since selenium v4, use `Tap With Positions` keyword.</doc>
<status status="PASS" start="2024-10-09T11:21:18.634477" elapsed="0.648315"/>
</kw>
<status status="PASS" start="2024-10-09T11:21:17.049624" elapsed="2.233696"/>
</kw>
<kw name="Tap add to cart">
<kw name="Wait Until Page Contains Element" owner="AppiumLibrary">
<msg time="2024-10-09T11:21:20.247095" level="INFO">criteria is com.saucelabs.mydemoapp.android:id/cartBt
criteria is com.saucelabs.mydemoapp.android:id/cartBt</msg>
<arg>id=com.saucelabs.mydemoapp.android:id/cartBt</arg>
<arg>10</arg>
<doc>Waits until element specified with `locator` appears on current page.</doc>
<status status="PASS" start="2024-10-09T11:21:19.283847" elapsed="0.963248"/>
</kw>
<kw name="Tap" owner="AppiumLibrary">
<msg time="2024-10-09T11:21:20.247095" level="WARN">Keyword 'AppiumLibrary.Tap' is deprecated. Since selenium v4, use `Tap With Positions` keyword.</msg>
<msg time="2024-10-09T11:21:20.470663" level="INFO">criteria is com.saucelabs.mydemoapp.android:id/cartBt</msg>
<arg>id=com.saucelabs.mydemoapp.android:id/cartBt</arg>
<doc>*DEPRECATED!!* Since selenium v4, use `Tap With Positions` keyword.</doc>
<status status="PASS" start="2024-10-09T11:21:20.247095" elapsed="0.223568"/>
</kw>
<status status="PASS" start="2024-10-09T11:21:19.283847" elapsed="1.186816"/>
</kw>
<kw name="Tap cart icon">
<kw name="Wait Until Page Contains Element" owner="AppiumLibrary">
<msg time="2024-10-09T11:21:21.137041" level="INFO">xpath criteria: //android.widget.ImageView[@content-desc="Displays number of items in your cart"]</msg>
<arg>xpath=//android.widget.ImageView[@content-desc="Displays number of items in your cart"]</arg>
<arg>10</arg>
<doc>Waits until element specified with `locator` appears on current page.</doc>
<status status="PASS" start="2024-10-09T11:21:20.472663" elapsed="0.664378"/>
</kw>
<kw name="Tap" owner="AppiumLibrary">
<msg time="2024-10-09T11:21:21.137041" level="WARN">Keyword 'AppiumLibrary.Tap' is deprecated. Since selenium v4, use `Tap With Positions` keyword.</msg>
<msg time="2024-10-09T11:21:21.457814" level="INFO">xpath criteria: //android.widget.ImageView[@content-desc="Displays number of items in your cart"]</msg>
<arg>xpath=//android.widget.ImageView[@content-desc="Displays number of items in your cart"]</arg>
<doc>*DEPRECATED!!* Since selenium v4, use `Tap With Positions` keyword.</doc>
<status status="PASS" start="2024-10-09T11:21:21.137041" elapsed="0.321797"/>
</kw>
<status status="PASS" start="2024-10-09T11:21:20.471671" elapsed="0.987167"/>
</kw>
<kw name="Check items in cart">
<kw name="Wait Until Page Contains Element" owner="AppiumLibrary">
<msg time="2024-10-09T11:21:22.338664" level="INFO">xpath criteria: //android.widget.TextView[@resource-id="com.saucelabs.mydemoapp.android:id/noTV"]</msg>
<arg>xpath=//android.widget.TextView[@resource-id="com.saucelabs.mydemoapp.android:id/noTV"]</arg>
<arg>10</arg>
<doc>Waits until element specified with `locator` appears on current page.</doc>
<status status="PASS" start="2024-10-09T11:21:21.459813" elapsed="0.878851"/>
</kw>
<kw name="Get Text" owner="AppiumLibrary">
<msg time="2024-10-09T11:21:22.407435" level="INFO">Element 'xpath=//android.widget.TextView[@resource-id="com.saucelabs.mydemoapp.android:id/noTV"]' text is '1' </msg>
<msg time="2024-10-09T11:21:22.407435" level="INFO">xpath criteria: //android.widget.TextView[@resource-id="com.saucelabs.mydemoapp.android:id/noTV"]</msg>
<msg time="2024-10-09T11:21:22.407435" level="INFO">${item_count} = 1</msg>
<var>${item_count}</var>
<arg>xpath=//android.widget.TextView[@resource-id="com.saucelabs.mydemoapp.android:id/noTV"]</arg>
<doc>Get element text (for hybrid and mobile browser use `xpath` locator, others might cause problem)</doc>
<status status="PASS" start="2024-10-09T11:21:22.338664" elapsed="0.068771"/>
</kw>
<kw name="Log To Console" owner="BuiltIn">
<arg>Current item count is: ${item_count}</arg>
<doc>Logs the given message to the console.</doc>
<status status="PASS" start="2024-10-09T11:21:22.407435" elapsed="0.000000"/>
</kw>
<kw name="Should Be Equal As Numbers" owner="BuiltIn">
<arg>${item_count}</arg>
<arg>1</arg>
<doc>Fails if objects are unequal after converting them to real numbers.</doc>
<status status="PASS" start="2024-10-09T11:21:22.407435" elapsed="0.001417"/>
</kw>
<status status="PASS" start="2024-10-09T11:21:21.459813" elapsed="0.949039"/>
</kw>
<status status="PASS" start="2024-10-09T11:21:07.270902" elapsed="15.138310"/>
</test>
<status status="PASS" start="2024-10-09T11:21:06.825315" elapsed="15.584522"/>
</suite>
<statistics>
<total>
<stat pass="1" fail="0" skip="0">All Tests</stat>
</total>
<tag>
</tag>
<suite>
<stat pass="1" fail="0" skip="0" id="s1" name="Tc">Tc</stat>
</suite>
</statistics>
<errors>
<msg time="2024-10-09T11:21:18.634477" level="WARN">Keyword 'AppiumLibrary.Tap' is deprecated. Since selenium v4, use `Tap With Positions` keyword.</msg>
<msg time="2024-10-09T11:21:20.247095" level="WARN">Keyword 'AppiumLibrary.Tap' is deprecated. Since selenium v4, use `Tap With Positions` keyword.</msg>
<msg time="2024-10-09T11:21:21.137041" level="WARN">Keyword 'AppiumLibrary.Tap' is deprecated. Since selenium v4, use `Tap With Positions` keyword.</msg>
</errors>
</robot>
